app/build/intermediates/manifest_merge_blame_file/debug/manifest-merger-blame-debug-report.txt
1<?xml version="1.0" encoding="utf-8"?>
2<manifest xmlns:android="http://schemas.android.com/apk/res/android"
3    package="eu.tutorials.a7_minutesworkoutapp"
4    android:versionCode="1"
5    android:versionName="1.0" >
6
7    <uses-sdk
8        android:minSdkVersion="21"
8-->src/main/AndroidManifest.xml
9        android:targetSdkVersion="31" />
9-->src/main/AndroidManifest.xml
10
11    <queries>
11-->src/main/AndroidManifest.xml:4:5-8:15
12        <intent>
12-->src/main/AndroidManifest.xml:5:9-7:18
13            <action android:name="android.intent.action.TTS_SERVICE" />
13-->src/main/AndroidManifest.xml:6:13-72
13-->src/main/AndroidManifest.xml:6:21-69
14        </intent>
15    </queries>
16
17    <application
17-->src/main/AndroidManifest.xml:10:5-52:19
18        android:name="luvraj.app.a7_minutesworkoutapp.WorkOutApp"
18-->src/main/AndroidManifest.xml:11:9-66
19        android:allowBackup="true"
19-->src/main/AndroidManifest.xml:12:9-35
20        android:appComponentFactory="androidx.core.app.CoreComponentFactory"
20-->[androidx.core:core:1.6.0] AndroidManifest.xml:24:18-86
21        android:debuggable="true"
22        android:icon="@mipmap/ic_launcher"
22-->src/main/AndroidManifest.xml:13:9-43
23        android:label="@string/app_name"
23-->src/main/AndroidManifest.xml:14:9-41
24        android:roundIcon="@mipmap/ic_launcher_round"
24-->src/main/AndroidManifest.xml:15:9-54
25        android:supportsRtl="true"
25-->src/main/AndroidManifest.xml:16:9-35
26        android:testOnly="true"
27        android:theme="@style/Theme.7MinutesWorkoutApp" >
27-->src/main/AndroidManifest.xml:17:9-56
28        <activity
28-->src/main/AndroidManifest.xml:18:9-22:80
29            android:name="luvraj.app.a7_minutesworkoutapp.HistoryActivity"
29-->src/main/AndroidManifest.xml:19:13-75
30            android:exported="true"
30-->src/main/AndroidManifest.xml:20:13-36
31            android:screenOrientation="portrait"
31-->src/main/AndroidManifest.xml:21:13-49
32            android:theme="@style/Theme.MaterialComponents.Light.NoActionBar" />
32-->src/main/AndroidManifest.xml:22:13-78
33        <activity
33-->src/main/AndroidManifest.xml:23:9-27:81
34            android:name="luvraj.app.a7_minutesworkoutapp.BMIActivity"
34-->src/main/AndroidManifest.xml:24:13-71
35            android:exported="true"
35-->src/main/AndroidManifest.xml:25:13-36
36            android:screenOrientation="portrait"
36-->src/main/AndroidManifest.xml:26:13-49
37            android:theme="@style/Theme.MaterialComponents.Light.NoActionBar" />
37-->src/main/AndroidManifest.xml:27:13-78
38        <activity
38-->src/main/AndroidManifest.xml:28:9-32:81
39            android:name="luvraj.app.a7_minutesworkoutapp.FinishActivity"
39-->src/main/AndroidManifest.xml:29:13-74
40            android:exported="true"
40-->src/main/AndroidManifest.xml:30:13-36
41            android:screenOrientation="portrait"
41-->src/main/AndroidManifest.xml:31:13-49
42            android:theme="@style/Theme.MaterialComponents.Light.NoActionBar" />
42-->src/main/AndroidManifest.xml:32:13-78
43        <activity
43-->src/main/AndroidManifest.xml:33:9-37:75
44            android:name="luvraj.app.a7_minutesworkoutapp.ExerciseActivity"
44-->src/main/AndroidManifest.xml:34:13-76
45            android:exported="true"
45-->src/main/AndroidManifest.xml:35:13-36
46            android:screenOrientation="portrait"
46-->src/main/AndroidManifest.xml:36:13-49
47            android:theme="@style/Theme.MaterialComponents.NoActionBar" />
47-->src/main/AndroidManifest.xml:37:13-72
48        <activity
48-->src/main/AndroidManifest.xml:38:9-48:20
49            android:name="luvraj.app.a7_minutesworkoutapp.MainActivity"
49-->src/main/AndroidManifest.xml:39:13-72
50            android:exported="true"
50-->src/main/AndroidManifest.xml:40:13-36
51            android:screenOrientation="portrait"
51-->src/main/AndroidManifest.xml:41:13-49
52            android:theme="@style/Theme.MaterialComponents.Light.NoActionBar" >
52-->src/main/AndroidManifest.xml:42:13-78
53            <intent-filter>
53-->src/main/AndroidManifest.xml:43:13-47:29
54                <action android:name="android.intent.action.MAIN" />
54-->src/main/AndroidManifest.xml:44:17-69
54-->src/main/AndroidManifest.xml:44:25-66
55
56                <category android:name="android.intent.category.LAUNCHER" />
56-->src/main/AndroidManifest.xml:46:17-77
56-->src/main/AndroidManifest.xml:46:27-74
57            </intent-filter>
58        </activity>
59
60        <service
60-->[androidx.room:room-runtime:2.3.0] AndroidManifest.xml:25:9-28:40
61            android:name="androidx.room.MultiInstanceInvalidationService"
61-->[androidx.room:room-runtime:2.3.0] AndroidManifest.xml:26:13-74
62            android:directBootAware="true"
62-->[androidx.room:room-runtime:2.3.0] AndroidManifest.xml:27:13-43
63            android:exported="false" />
63-->[androidx.room:room-runtime:2.3.0] AndroidManifest.xml:28:13-37
64    </application>
65
66</manifest>